<?xml version="1.0" encoding="UTF-8"?>
<testsuite xmlns:xsi="http://www.w3.org/2001/XMLSchema-instance" xsi:noNamespaceSchemaLocation="https://maven.apache.org/surefire/maven-surefire-plugin/xsd/surefire-test-report-3.0.xsd" version="3.0" name="com.equestria.criticalskills.criticalskills.CriticalSkillsApplicationTests" time="4.968" tests="1" errors="0" skipped="0" failures="0">
  <properties>
[...]
</properties>
  <testcase name="contextLoads" classname="com.equestria.criticalskills.criticalskills.CriticalSkillsApplicationTests" time="1.374">
    <system-out><![CDATA[17:34:39.705 [main] INFO org.springframework.test.context.support.AnnotationConfigContextLoaderUtils -- Could not detect default configuration classes for test class [com.equestria.criticalskills.criticalskills.CriticalSkillsApplicationTests]: CriticalSkillsApplicationTests does not declare any static, non-private, non-final, nested classes annotated with @Configuration.
17:34:39.830 [main] INFO org.springframework.boot.test.context.SpringBootTestContextBootstrapper -- Found @SpringBootConfiguration com.equestria.criticalskills.criticalskills.CriticalSkillsApplication for test class com.equestria.criticalskills.criticalskills.CriticalSkillsApplicationTests

  .   ____          _            __ _ _
 /\\ / ___'_ __ _ _(_)_ __  __ _ \ \ \ \
( ( )\___ | '_ | '_| | '_ \/ _` | \ \ \ \
 \\/  ___)| |_)| | | | | || (_| |  ) ) ) )
  '  |____| .__|_| |_|_| |_\__, | / / / /
 =========|_|==============|___/=/_/_/_/
 :: Spring Boot ::                (v3.2.4)

2024-05-07T17:34:40.379+08:00  INFO 22760 --- [           main] c.e.c.c.CriticalSkillsApplicationTests   : Starting CriticalSkillsApplicationTests using Java 17.0.10 with PID 22760 (started by 1 in C:\Users\1\IdeaProjects\CriticalSkills)
2024-05-07T17:34:40.394+08:00  INFO 22760 --- [           main] c.e.c.c.CriticalSkillsApplicationTests   : No active profile set, falling back to 1 default profile: "default"
2024-05-07T17:34:41.152+08:00  INFO 22760 --- [           main] .s.d.r.c.RepositoryConfigurationDelegate : Multiple Spring Data modules found, entering strict repository configuration mode
2024-05-07T17:34:41.167+08:00  INFO 22760 --- [           main] .s.d.r.c.RepositoryConfigurationDelegate : Bootstrapping Spring Data Redis repositories in DEFAULT mode.
2024-05-07T17:34:41.184+08:00  INFO 22760 --- [           main] .s.d.r.c.RepositoryConfigurationDelegate : Finished Spring Data repository scanning in 12 ms. Found 0 Redis repository interfaces.
2024-05-07T17:34:41.499+08:00  WARN 22760 --- [           main] trationDelegate$BeanPostProcessorChecker : Bean 'org.springframework.ws.config.annotation.DelegatingWsConfiguration' of type [org.springframework.ws.config.annotation.DelegatingWsConfiguration$$SpringCGLIB$$0] is not eligible for getting processed by all BeanPostProcessors (for example: not eligible for auto-proxying). The currently created BeanPostProcessor [annotationActionEndpointMapping] is declared through a non-static factory method on that class; consider declaring it as static instead.
2024-05-07T17:34:41.562+08:00  INFO 22760 --- [           main] .w.s.a.s.AnnotationActionEndpointMapping : Supporting [WS-Addressing August 2004, WS-Addressing 1.0]
2024-05-07T17:34:43.093+08:00  INFO 22760 --- [           main] c.e.c.c.CriticalSkillsApplicationTests   : Started CriticalSkillsApplicationTests in 3.073 seconds (process running for 4.202)
2024-05-07T17:34:44.041+08:00  INFO 22760 --- [           main] com.zaxxer.hikari.HikariDataSource       : HikariPool-1 - Starting...
2024-05-07T17:34:44.420+08:00  INFO 22760 --- [           main] com.zaxxer.hikari.pool.HikariPool        : HikariPool-1 - Added connection com.mysql.cj.jdbc.ConnectionImpl@786cc1df
2024-05-07T17:34:44.420+08:00  INFO 22760 --- [           main] com.zaxxer.hikari.HikariDataSource       : HikariPool-1 - Start completed.
UserInfo(username=test, age=88, gender=88, birthDate=null, email=test, phone=test, qq=null, avator=test, province=null, city=null, createTime=null, updateTime=null)
]]></system-out>
  </testcase>
</testsuite>